<?xml version="1.0" encoding="UTF-8"?>
<testsuites>
  <testsuite name="C:\Users\STAN\EduPass-MG\phpunit.xml" tests="4" assertions="23" errors="0" failures="1" skipped="0" time="2.449649">
    <testsuite name="Feature" tests="4" assertions="23" errors="0" failures="1" skipped="0" time="2.449649">
      <testsuite name="Tests\Feature\Auth\OtpFirstTest" file="C:\Users\STAN\EduPass-MG\tests\Feature\Auth\OtpFirstTest.php" tests="4" assertions="23" errors="0" failures="1" skipped="0" time="2.449649">
        <testcase name="test_student_login_without_password_sends_random_otp" file="C:\Users\STAN\EduPass-MG\tests\Feature\Auth\OtpFirstTest.php" line="24" class="Tests\Feature\Auth\OtpFirstTest" classname="Tests.Feature.Auth.OtpFirstTest" assertions="5" time="1.434327"/>
        <testcase name="test_staff_login_requires_password_and_bypasses_otp" file="C:\Users\STAN\EduPass-MG\tests\Feature\Auth\OtpFirstTest.php" line="43" class="Tests\Feature\Auth\OtpFirstTest" classname="Tests.Feature.Auth.OtpFirstTest" assertions="7" time="0.156553"/>
        <testcase name="test_student_account_switcher_bypasses_everything" file="C:\Users\STAN\EduPass-MG\tests\Feature\Auth\OtpFirstTest.php" line="68" class="Tests\Feature\Auth\OtpFirstTest" classname="Tests.Feature.Auth.OtpFirstTest" assertions="2" time="0.608745">
          <failure type="PHPUnit\Framework\ExpectationFailedException">Tests\Feature\Auth\OtpFirstTest::test_student_account_switcher_bypasses_everything&#13;
Failed asserting that two strings are equal.
--- Expected
+++ Actual
@@ @@
-'http://localhost:9000/dashboard'
+'http://localhost:9000'
&#13;
C:\Users\STAN\EduPass-MG\vendor\laravel\framework\src\Illuminate\Testing\TestResponseAssert.php:45
C:\Users\STAN\EduPass-MG\vendor\laravel\framework\src\Illuminate\Testing\TestResponse.php:408
C:\Users\STAN\EduPass-MG\vendor\laravel\framework\src\Illuminate\Testing\TestResponse.php:205
C:\Users\STAN\EduPass-MG\tests\Feature\Auth\OtpFirstTest.php:80</failure>
        </testcase>
        <testcase name="test_staff_account_switcher_requires_password" file="C:\Users\STAN\EduPass-MG\tests\Feature\Auth\OtpFirstTest.php" line="85" class="Tests\Feature\Auth\OtpFirstTest" classname="Tests.Feature.Auth.OtpFirstTest" assertions="9" time="0.250024"/>
      </testsuite>
    </testsuite>
  </testsuite>
</testsuites>
